<?xml version="1.0" encoding="UTF-8"?>
<!-- Generated by org.testng.reporters.JUnitXMLReporter -->
<testsuite ignored="0" hostname="LAPTOP-4LVGLOHE" failures="0" tests="0" time="0.117" errors="0" timestamp="2022-11-21T16:14:35 CET">
</testsuite>
